<?xml version="1.0" encoding="UTF-8"?>
<!-- Generated by org.testng.reporters.JUnitReportReporter -->
<testsuite hostname="TYSS-Apoorva" failures="0" tests="5" name="workingWithUnitTestingTool.Helpingattribute" time="0.153" errors="0" timestamp="2023-11-07T17:55:13 IST" skipped="0">
  <testcase classname="workingWithUnitTestingTool.Helpingattribute" name="logout" time="0.059"/>
  <testcase classname="workingWithUnitTestingTool.Helpingattribute" name="register" time="0.031"/>
  <testcase classname="workingWithUnitTestingTool.Helpingattribute" name="login" time="0.032"/>
  <testcase classname="workingWithUnitTestingTool.Helpingattribute" name="homepage" time="0.019"/>
  <testcase classname="workingWithUnitTestingTool.Helpingattribute" name="prodSearch" time="0.012"/>
</testsuite> <!-- workingWithUnitTestingTool.Helpingattribute -->
