<?xml version="1.0" encoding="UTF-8"?>
<!-- Generated by org.testng.reporters.JUnitReportReporter -->
<testsuite hostname="TYSS-Apoorva" failures="0" tests="5" name="workingWithUnitTestingTool.workingwithPriority" time="0.035" errors="0" timestamp="2024-01-11T22:32:56 IST" skipped="0">
  <testcase classname="workingWithUnitTestingTool.workingwithPriority" name="register" time="0.004"/>
  <testcase classname="workingWithUnitTestingTool.workingwithPriority" name="logout" time="0.021"/>
  <testcase classname="workingWithUnitTestingTool.workingwithPriority" name="homepage" time="0.001"/>
  <testcase classname="workingWithUnitTestingTool.workingwithPriority" name="login" time="0.005"/>
  <testcase classname="workingWithUnitTestingTool.workingwithPriority" name="prodSearch" time="0.004"/>
</testsuite> <!-- workingWithUnitTestingTool.workingwithPriority -->
