<?xml version="1.0" encoding="UTF-8"?>
<!-- Generated by org.testng.reporters.JUnitReportReporter -->
<testsuite hostname="TYSS-Apoorva" failures="0" tests="1" name="ElementsRepo.Tc_Login_002" time="10.841" errors="0" timestamp="2023-11-10T15:35:59 IST" skipped="0">
  <testcase classname="ElementsRepo.Tc_Login_002" name="validateThatTheUserIsAbletoClickOnCheckBox" time="10.841"/>
</testsuite> <!-- ElementsRepo.Tc_Login_002 -->
