<?xml version="1.0" encoding="UTF-8"?>
<!-- Generated by org.testng.reporters.JUnitReportReporter -->
<testsuite hostname="TYSS-Apoorva" failures="0" tests="2" name="testScript.To_lunch_Mi" time="52.596" errors="0" timestamp="2023-12-07T16:51:17 IST" skipped="0">
  <testcase classname="testScript.To_lunch_Mi" name="mi" time="31.245"/>
  <testcase classname="testScript.To_lunch_Mi" name="mi" time="21.351"/>
</testsuite> <!-- testScript.To_lunch_Mi -->
