<?xml version="1.0" encoding="UTF-8"?>
<!-- Generated by org.testng.reporters.JUnitReportReporter -->
<testsuite hostname="TYSS-Apoorva" failures="0" tests="2" name="testNgProject.TC_Deno_002" time="11.051" errors="0" timestamp="2023-11-08T17:09:45 IST" skipped="0">
  <testcase classname="testNgProject.TC_Deno_002" name="validateThatUserIsAbleTiClickOnOneRadioButton" time="5.662"/>
  <testcase classname="testNgProject.TC_Deno_002" name="verifyThatUserIsAbleTOClickOnLinks" time="5.389"/>
</testsuite> <!-- testNgProject.TC_Deno_002 -->
