<?xml version="1.0" encoding="UTF-8"?>
<!-- Generated by org.testng.reporters.JUnitReportReporter -->
<testsuite hostname="TYSS-Apoorva" failures="0" tests="2" name="testScript.To_lunch_Samsung" time="31.610" errors="0" timestamp="2023-12-07T16:51:17 IST" skipped="0">
  <testcase classname="testScript.To_lunch_Samsung" name="samsung" time="24.377"/>
  <testcase classname="testScript.To_lunch_Samsung" name="samsung" time="7.233"/>
</testsuite> <!-- testScript.To_lunch_Samsung -->
