<?xml version="1.0" encoding="UTF-8"?>
<!-- Generated by org.testng.reporters.JUnitReportReporter -->
<testsuite hostname="TYSS-Apoorva" failures="0" tests="10" name="workingWithUnitTestingTool.WorkingWithThreadPoolSize" time="90.418" errors="0" timestamp="2024-01-11T22:40:40 IST" skipped="0">
  <testcase classname="workingWithUnitTestingTool.WorkingWithThreadPoolSize" name="demo" time="0.006"/>
  <testcase classname="workingWithUnitTestingTool.WorkingWithThreadPoolSize" name="aopenAmazon" time="8.441"/>
  <testcase classname="workingWithUnitTestingTool.WorkingWithThreadPoolSize" name="aopenAmazon" time="8.841"/>
  <testcase classname="workingWithUnitTestingTool.WorkingWithThreadPoolSize" name="aopenAmazon" time="29.165"/>
  <testcase classname="workingWithUnitTestingTool.WorkingWithThreadPoolSize" name="demo" time="0.012"/>
  <testcase classname="workingWithUnitTestingTool.WorkingWithThreadPoolSize" name="aopenAmazon" time="8.550"/>
  <testcase classname="workingWithUnitTestingTool.WorkingWithThreadPoolSize" name="demo" time="0.017"/>
  <testcase classname="workingWithUnitTestingTool.WorkingWithThreadPoolSize" name="demo" time="0.006"/>
  <testcase classname="workingWithUnitTestingTool.WorkingWithThreadPoolSize" name="demo" time="0.002"/>
  <testcase classname="workingWithUnitTestingTool.WorkingWithThreadPoolSize" name="aopenAmazon" time="35.378"/>
</testsuite> <!-- workingWithUnitTestingTool.WorkingWithThreadPoolSize -->
