<?xml version="1.0" encoding="UTF-8"?>
<!-- Generated by org.testng.reporters.JUnitReportReporter -->
<testsuite hostname="TYSS-Apoorva" failures="0" tests="1" name="testScript.To_lunch_Motorola" time="28.365" errors="0" timestamp="2023-12-07T15:26:15 IST" skipped="0">
  <testcase classname="testScript.To_lunch_Motorola" name="motorola" time="28.365"/>
</testsuite> <!-- testScript.To_lunch_Motorola -->
