<?xml version="1.0" encoding="UTF-8"?>
<!-- Generated by org.testng.reporters.JUnitReportReporter -->
<testsuite hostname="TYSS-Apoorva" failures="0" tests="1" name="testScript.To_lunch_Sugar" time="18.391" errors="0" timestamp="2023-12-07T16:51:17 IST" skipped="0">
  <testcase classname="testScript.To_lunch_Sugar" name="sugar" time="18.391"/>
</testsuite> <!-- testScript.To_lunch_Sugar -->
