<?xml version="1.0" encoding="UTF-8"?>
<!-- Generated by org.testng.reporters.JUnitReportReporter -->
<testsuite hostname="TYSS-Apoorva" failures="0" tests="2" name="testScript.To_lunch_Poco" time="38.826" errors="0" timestamp="2023-12-07T16:51:17 IST" skipped="0">
  <testcase classname="testScript.To_lunch_Poco" name="poco" time="17.109"/>
  <testcase classname="testScript.To_lunch_Poco" name="poco" time="21.717"/>
</testsuite> <!-- testScript.To_lunch_Poco -->
