<?xml version="1.0" encoding="UTF-8"?>
<!-- Generated by org.testng.reporters.JUnitReportReporter -->
<testsuite hostname="TYSS-Apoorva" failures="0" tests="1" name="testNgProject.BaseClass" time="9.434" errors="0" timestamp="2023-11-08T16:51:31 IST" skipped="0">
  <testcase classname="testNgProject.BaseClass" name="clickOnTabs" time="9.434"/>
</testsuite> <!-- testNgProject.BaseClass -->
