<?xml version="1.0" encoding="UTF-8"?>
<!-- Generated by org.testng.reporters.JUnitReportReporter -->
<testsuite hostname="TYSS-Apoorva" failures="0" tests="7" name="workingWithUnitTestingTool.RegWithDemoweb" time="29.770" errors="0" timestamp="2024-01-18T16:53:26 IST" skipped="0">
  <testcase classname="workingWithUnitTestingTool.RegWithDemoweb" name="regForDemoWebshop" time="4.086"/>
  <testcase classname="workingWithUnitTestingTool.RegWithDemoweb" name="regForDemoWebshop" time="4.075"/>
  <testcase classname="workingWithUnitTestingTool.RegWithDemoweb" name="regForDemoWebshop" time="4.026"/>
  <testcase classname="workingWithUnitTestingTool.RegWithDemoweb" name="regForDemoWebshop" time="4.133"/>
  <testcase classname="workingWithUnitTestingTool.RegWithDemoweb" name="regForDemoWebshop" time="3.989"/>
  <testcase classname="workingWithUnitTestingTool.RegWithDemoweb" name="regForDemoWebshop" time="5.531"/>
  <testcase classname="workingWithUnitTestingTool.RegWithDemoweb" name="regForDemoWebshop" time="3.930"/>
</testsuite> <!-- workingWithUnitTestingTool.RegWithDemoweb -->
