<?xml version="1.0" encoding="UTF-8"?>
<!-- Generated by org.testng.reporters.JUnitReportReporter -->
<testsuite hostname="TYSS-Apoorva" failures="0" tests="1" name="workingWithUnitTestingTool.WorkingWithHardAssert" time="17.335" errors="0" timestamp="2024-01-17T22:57:47 IST" skipped="0">
  <testcase classname="workingWithUnitTestingTool.WorkingWithHardAssert" name="login" time="17.335">
    <system-out>
      <![CDATA[User is able to open empty browser
User is able to maximize the browser
https://demowebshop.tricentis.com/user is able to open demo webshop]]>
    </system-out>
  </testcase> <!-- login -->
  <system-out>
    <![CDATA[User is able to open empty browser
User is able to maximize the browser
https://demowebshop.tricentis.com/user is able to open demo webshop]]>
  </system-out>
</testsuite> <!-- workingWithUnitTestingTool.WorkingWithHardAssert -->
