<?xml version="1.0" encoding="UTF-8"?>
<!-- Generated by org.testng.reporters.JUnitReportReporter -->
<testsuite hostname="TYSS-Apoorva" failures="0" tests="3" name="workingWithUnitTestingTool.WorkingWithChronologicalOrder" time="0.065" errors="0" timestamp="2024-01-11T22:44:32 IST" skipped="0">
  <testcase classname="workingWithUnitTestingTool.WorkingWithChronologicalOrder" name="test1" time="0.017"/>
  <testcase classname="workingWithUnitTestingTool.WorkingWithChronologicalOrder" name="test" time="0.033">
    <system-out>
      <![CDATA[hello test]]>
    </system-out>
  </testcase> <!-- test -->
  <testcase classname="workingWithUnitTestingTool.WorkingWithChronologicalOrder" name="test2" time="0.015"/>
  <system-out>
    <![CDATA[hello test
hello after class]]>
  </system-out>
</testsuite> <!-- workingWithUnitTestingTool.WorkingWithChronologicalOrder -->
