<?xml version="1.0" encoding="UTF-8"?>
<!-- Generated by org.testng.reporters.JUnitReportReporter -->
<testsuite hostname="TYSS-Apoorva" failures="0" tests="1" name="elementsRepo.Tc_Reg_001" time="1.392" errors="0" timestamp="2024-01-18T22:50:58 IST" skipped="0">
  <testcase classname="elementsRepo.Tc_Reg_001" name="validateThatUserIsAbleaToRegister" time="1.392"/>
</testsuite> <!-- elementsRepo.Tc_Reg_001 -->
