<?xml version="1.0" encoding="UTF-8"?>
<!-- Generated by org.testng.reporters.JUnitReportReporter -->
<testsuite hostname="TYSS-Apoorva" failures="0" tests="4" name="workingWithUnitTestingTool.WorkingWithDependenceOnMethod" time="0.037" errors="0" timestamp="2024-01-16T22:35:28 IST" skipped="0">
  <testcase classname="workingWithUnitTestingTool.WorkingWithDependenceOnMethod" name="register" time="0.006"/>
  <testcase classname="workingWithUnitTestingTool.WorkingWithDependenceOnMethod" name="login" time="0.012"/>
  <testcase classname="workingWithUnitTestingTool.WorkingWithDependenceOnMethod" name="logout" time="0.008"/>
  <testcase classname="workingWithUnitTestingTool.WorkingWithDependenceOnMethod" name="addtoCart" time="0.011"/>
</testsuite> <!-- workingWithUnitTestingTool.WorkingWithDependenceOnMethod -->
