<?xml version="1.0" encoding="UTF-8"?>
<!-- Generated by org.testng.reporters.JUnitReportReporter -->
<testsuite hostname="TYSS-Apoorva" failures="0" tests="1" name="testScript.To_Iunch_Lorealparis" time="17.223" errors="0" timestamp="2024-01-24T15:04:57 IST" skipped="0">
  <testcase classname="testScript.To_Iunch_Lorealparis" name="lorealparis" time="17.223"/>
</testsuite> <!-- testScript.To_Iunch_Lorealparis -->
