<?xml version="1.0" encoding="UTF-8"?>
<!-- Generated by org.testng.reporters.JUnitReportReporter -->
<testsuite hostname="TYSS-Apoorva" failures="0" tests="10" name="workingWithUnitTestingTool.WorkingWithEnable" time="0.116" errors="0" timestamp="2024-01-11T22:31:27 IST" skipped="1">
  <testcase classname="workingWithUnitTestingTool.WorkingWithEnable" name="register" time="0.009"/>
  <testcase classname="workingWithUnitTestingTool.WorkingWithEnable" name="register" time="0.002"/>
  <testcase classname="workingWithUnitTestingTool.WorkingWithEnable" name="register" time="0.010"/>
  <testcase classname="workingWithUnitTestingTool.WorkingWithEnable" name="register" time="0.005"/>
  <testcase classname="workingWithUnitTestingTool.WorkingWithEnable" name="register" time="0.002"/>
  <testcase classname="workingWithUnitTestingTool.WorkingWithEnable" name="login" time="0.016"/>
  <testcase classname="workingWithUnitTestingTool.WorkingWithEnable" name="register" time="0.016"/>
  <testcase classname="workingWithUnitTestingTool.WorkingWithEnable" name="openBrowser" time="0.022"/>
  <testcase classname="workingWithUnitTestingTool.WorkingWithEnable" name="closeBrowser" time="0.034"/>
  <testcase classname="workingWithUnitTestingTool.WorkingWithEnable" name="logout">
    <skipped/>
  </testcase> <!-- logout -->
</testsuite> <!-- workingWithUnitTestingTool.WorkingWithEnable -->
