<?xml version="1.0" encoding="UTF-8"?>
<!-- Generated by org.testng.reporters.JUnitReportReporter -->
<testsuite hostname="TYSS-Apoorva" failures="0" tests="1" name="testScript.To_lunch_Flipcart" time="17.304" errors="0" timestamp="2024-01-24T15:04:57 IST" skipped="0">
  <testcase classname="testScript.To_lunch_Flipcart" name="flipcart" time="17.304"/>
</testsuite> <!-- testScript.To_lunch_Flipcart -->
